<?xml version="1.0" encoding="UTF-8"?>
<!-- Generated by org.testng.reporters.JUnitReportReporter -->
<testsuite skipped="0" hostname="Alifs-MBP.fios-router.home" name="testPages.TestHomePage" tests="3" failures="0" timestamp="28 Sep 2018 23:55:45 GMT" time="21.099" errors="0">
  <testcase name="click2" time="5.387" classname="testPages.TestHomePage"/>
  <testcase name="click" time="4.214" classname="testPages.TestHomePage"/>
  <testcase name="search" time="11.498" classname="testPages.TestHomePage"/>
</testsuite> <!-- testPages.TestHomePage -->
